2017-10-06 
11:47
$PROB GABRIELSSON PK22
$INPUT TIME AMT RATE ADDL II DV MDV
$DATA ../PK22NM.csv IGNORE=@
$SUBR ADVAN13 TOL6
$MODEL
  COMP (CENTRAL, DEFDOSE, DEFOBS)
  COMP (PERIPH)
  COMP (ENZYME)
$PK
  V    = THETA(1)
  CLs  = THETA(2)
  CLd  = THETA(3)
  V2   = THETA(4)
  Kout = THETA(5)
  E0   = THETA(6)
  S1   = V

  IF (A_0FLG .EQ. 1) THEN
    A_0(3) = E0
  ENDIF

$DES
  C1 = A(1)/V
  C2 = A(2)/V2
  CL = CLs*(1 + A(3))
  DADT(1) = -CL*C1 - CLd*C1 + CLd*C2 
  DADT(2) = CLd*C1 - CLd*C2
  DADT(3) = Kout*(E0 + C1) - Kout*A(3) 

$ERROR
  Y    = F + F*ERR(1)

$THETA
  (0, 155)
  (0, 0.05)
  (0, 120)
  (0, 60)
  (0, 0.03)
  (0, 100)

$OMEGA 0.1
$EST MAX=9999
$COV UNCOND PRINT=ERS
  
NM-TRAN MESSAGES 
  
 WARNINGS AND ERRORS (IF ANY) FOR PROBLEM    1
             
 (WARNING  1) NM-TRAN INFERS THAT THE DATA ARE SINGLE-SUBJECT.
  NONMEM RUN CANNOT BE PARALLELIZED.
  
License Registered to: Asan Medical Center
Expiration Date:    14 DEC 2017
Current Date:        6 OCT 2017
Days until program expires :  68
1NONLINEAR MIXED EFFECTS MODEL PROGRAM (NONMEM) VERSION 7.4.1
 ORIGINALLY DEVELOPED BY STUART BEAL, LEWIS SHEINER, AND ALISON BOECKMANN
 CURRENT DEVELOPERS ARE ROBERT BAUER, ICON DEVELOPMENT SOLUTIONS,
 AND ALISON BOECKMANN. IMPLEMENTATION, EFFICIENCY, AND STANDARDIZATION
 PERFORMED BY NOUS INFOSYSTEMS.

 PROBLEM NO.:         1
 GABRIELSSON PK22
0DATA CHECKOUT RUN:              NO
 DATA SET LOCATED ON UNIT NO.:    2
 THIS UNIT TO BE REWOUND:        NO
 NO. OF DATA RECS IN DATA SET:       39
 NO. OF DATA ITEMS IN DATA SET:   9
 ID DATA ITEM IS DATA ITEM NO.:   9
 DEP VARIABLE IS DATA ITEM NO.:   6
 MDV DATA ITEM IS DATA ITEM NO.:  7
0INDICES PASSED TO SUBROUTINE PRED:
   8   1   2   3   0   5   0   0   0   0   4
0LABELS FOR DATA ITEMS:
 TIME AMT RATE ADDL II DV MDV EVID .ID.
0FORMAT FOR DATA:
 (7E7.0,2F2.0)

 TOT. NO. OF OBS RECS:       37
 TOT. NO. OF INDIVIDUALS:       37
0LENGTH OF THETA:   6
0DEFAULT THETA BOUNDARY TEST OMITTED:    NO
0OMEGA HAS SIMPLE DIAGONAL FORM WITH DIMENSION:   1
0DEFAULT OMEGA BOUNDARY TEST OMITTED:    NO
0INITIAL ESTIMATE OF THETA:
 LOWER BOUND    INITIAL EST    UPPER BOUND
  0.0000E+00     0.1550E+03     0.1000E+07
  0.0000E+00     0.5000E-01     0.1000E+07
  0.0000E+00     0.1200E+03     0.1000E+07
  0.0000E+00     0.6000E+02     0.1000E+07
  0.0000E+00     0.3000E-01     0.1000E+07
  0.0000E+00     0.1000E+03     0.1000E+07
0INITIAL ESTIMATE OF OMEGA:
 0.1000E+00
0COVARIANCE STEP OMITTED:        NO
 R MATRIX PRINTED:              YES
 S MATRIX PRINTED:              YES
 EIGENVLS. PRINTED:             YES
 SPECIAL COMPUTATION:           YES
 COMPRESSED FORMAT:              NO
 GRADIENT METHOD USED:     NOSLOW
 SIGDIGITS ETAHAT (SIGLO):                  -1
 SIGDIGITS GRADIENTS (SIGL):                -1
 EXCLUDE COV FOR FOCE (NOFCOV):              NO
 TURN OFF Cholesky Transposition of R Matrix (CHOLROFF): NO
 KNUTHSUMOFF:                                -1
 RESUME COV ANALYSIS (RESUME):               NO
 SIR SAMPLE SIZE (SIRSAMPLE):              -1
 NON-LINEARLY TRANSFORM THETAS DURING COV (THBND): 1
 PRECONDTIONING CYCLES (PRECOND):        0
 PRECONDTIONING TYPES (PRECONDS):        TOS
 FORCED PRECONDTIONING CYCLES (PFCOND):0
 PRECONDTIONING TYPE (PRETYPE):        0
 FORCED POS. DEFINITE SETTING: (FPOSDEF):0
1DOUBLE PRECISION PREDPP VERSION 7.4.1

 GENERAL NONLINEAR KINETICS MODEL WITH STIFF/NONSTIFF EQUATIONS (LSODA, ADVAN13)
0MODEL SUBROUTINE USER-SUPPLIED - ID NO. 9999
0MAXIMUM NO. OF BASIC PK PARAMETERS:   6
0COMPARTMENT ATTRIBUTES
 COMPT. NO.   FUNCTION   INITIAL    ON/OFF      DOSE      DEFAULT    DEFAULT
                         STATUS     ALLOWED    ALLOWED    FOR DOSE   FOR OBS.
    1         CENTRAL      ON         YES        YES        YES        YES
    2         PERIPH       ON         YES        YES        NO         NO
    3         ENZYME       ON         YES        YES        NO         NO
    4         OUTPUT       OFF        YES        NO         NO         NO
 INITIAL (BASE) TOLERANCE SETTINGS:
 NRD (RELATIVE) VALUE(S) OF TOLERANCE:   6
 ANRD (ABSOLUTE) VALUE(S) OF TOLERANCE:  12
1
 ADDITIONAL PK PARAMETERS - ASSIGNMENT OF ROWS IN GG
 COMPT. NO.                             INDICES
              SCALE      BIOAVAIL.   ZERO-ORDER  ZERO-ORDER  ABSORB
                         FRACTION    RATE        DURATION    LAG
    1            7           *           *           *           *
    2            *           *           *           *           *
    3            *           *           *           *           *
    4            *           -           -           -           -
             - PARAMETER IS NOT ALLOWED FOR THIS MODEL
             * PARAMETER IS NOT SUPPLIED BY PK SUBROUTINE;
               WILL DEFAULT TO ONE IF APPLICABLE
0ERROR IN LOG Y IS MODELED
0DATA ITEM INDICES USED BY PRED ARE:
   EVENT ID DATA ITEM IS DATA ITEM NO.:      8
   TIME DATA ITEM IS DATA ITEM NO.:          1
   DOSE AMOUNT DATA ITEM IS DATA ITEM NO.:   2
   DOSE RATE DATA ITEM IS DATA ITEM NO.:     3
   INTERVAL DATA ITEM IS DATA ITEM NO.:      5
   ADDL. DOSES DATA ITEM IS DATA ITEM NO.:   4

0PK SUBROUTINE CALLED WITH EVERY EVENT RECORD.
 PK SUBROUTINE NOT CALLED AT NONEVENT (ADDITIONAL OR LAGGED) DOSE TIMES.
0PK SUBROUTINE INDICATES THAT COMPARTMENT AMOUNTS ARE INITIALIZED.
0DURING SIMULATION, ERROR SUBROUTINE CALLED WITH EVERY EVENT RECORD.
 OTHERWISE, ERROR SUBROUTINE CALLED ONCE IN THIS PROBLEM.
0DES SUBROUTINE USES COMPACT STORAGE MODE.
1


 #TBLN:      1
 #METH: First Order

 ESTIMATION STEP OMITTED:                 NO
 ANALYSIS TYPE:                           SINGLE-SUBJECT
 NUMBER OF SADDLE POINT RESET ITERATIONS:      0
 GRADIENT METHOD USED:               SLOW
 EPS-ETA INTERACTION:                     NO
 NO. OF FUNCT. EVALS. ALLOWED:            9999
 NO. OF SIG. FIGURES REQUIRED:            3
 INTERMEDIATE PRINTOUT:                   YES
 ESTIMATE OUTPUT TO MSF:                  NO
 IND. OBJ. FUNC. VALUES SORTED:           NO
 NUMERICAL DERIVATIVE
       FILE REQUEST (NUMDER):               NONE
 MAP (ETAHAT) ESTIMATION METHOD (OPTMAP):   0
 ETA HESSIAN EVALUATION METHOD (ETADER):    0
 INITIAL ETA FOR MAP ESTIMATION (MCETA):    0
 SIGDIGITS FOR MAP ESTIMATION (SIGLO):      100
 GRADIENT SIGDIGITS OF
       FIXED EFFECTS PARAMETERS (SIGL):     100
 NOPRIOR SETTING (NOPRIOR):                 OFF
 NOCOV SETTING (NOCOV):                     OFF
 DERCONT SETTING (DERCONT):                 OFF
 FINAL ETA RE-EVALUATION (FNLETA):          ON
 EXCLUDE NON-INFLUENTIAL (NON-INFL.) ETAS
       IN SHRINKAGE (ETASTYPE):             NO
 NON-INFL. ETA CORRECTION (NONINFETA):      OFF
 RAW OUTPUT FILE (FILE): PK22.ext
 EXCLUDE TITLE (NOTITLE):                   NO
 EXCLUDE COLUMN LABELS (NOLABEL):           NO
 FORMAT FOR ADDITIONAL FILES (FORMAT):      S1PE12.5
 PARAMETER ORDER FOR OUTPUTS (ORDER):       TSOL
 WISHART PRIOR DF INTERPRETATION (WISHTYPE):0
 KNUTHSUMOFF:                               0
 INCLUDE LNTWOPI:                           NO
 INCLUDE CONSTANT TERM TO PRIOR (PRIORC):   NO
 INCLUDE CONSTANT TERM TO OMEGA (ETA) (OLNTWOPI):NO
 ADDITIONAL CONVERGENCE TEST (CTYPE=4)?:    NO
 EM OR BAYESIAN METHOD USED:                 NONE

 TOLERANCES FOR ESTIMATION/EVALUATION STEP:
 NRD (RELATIVE) VALUE(S) OF TOLERANCE:   6
 ANRD (ABSOLUTE) VALUE(S) OF TOLERANCE:  12
 TOLERANCES FOR COVARIANCE STEP:
 NRD (RELATIVE) VALUE(S) OF TOLERANCE:   6
 ANRD (ABSOLUTE) VALUE(S) OF TOLERANCE:  12

 THE FOLLOWING LABELS ARE EQUIVALENT
 PRED=NPRED
 RES=NRES
 WRES=NWRES
 IWRS=NIWRES
 IPRD=NIPRED
 IRS=NIRES

 MONITORING OF SEARCH:


0ITERATION NO.:    0    OBJECTIVE VALUE:   343.621880029137        NO. OF FUNC. EVALS.:   8
 CUMULATIVE NO. OF FUNC. EVALS.:        8
 NPARAMETR:  1.5500E+02  5.0000E-02  1.2000E+02  6.0000E+01  3.0000E-02  1.0000E+02  1.0000E-01
 PARAMETER:  1.0000E-01  1.0000E-01  1.0000E-01  1.0000E-01  1.0000E-01  1.0000E-01  1.0000E-01
 GRADIENT:  -1.0915E+01  1.1338E+01 -3.3396E-01 -3.4131E+00  4.0245E+00  2.6387E+00  6.4784E+01

0ITERATION NO.:   25    OBJECTIVE VALUE:   231.891451113402        NO. OF FUNC. EVALS.: 249
 CUMULATIVE NO. OF FUNC. EVALS.:      257
 NPARAMETR:  1.5044E+02  4.0972E-02  9.7877E+01  5.4073E+01  2.3889E-02  1.3287E+02  1.6994E-03
 PARAMETER:  7.0147E-02 -9.9124E-02 -1.0378E-01 -4.0178E-03 -1.2779E-01  3.8417E-01 -1.9375E+00
 GRADIENT:   2.9908E-02  9.6191E-02 -2.2826E-02 -2.8487E-03  1.0954E-02  2.9602E-02  5.2168E-03

 #TERM:
0MINIMIZATION SUCCESSFUL
 NO. OF FUNCTION EVALUATIONS USED:      257
 NO. OF SIG. DIGITS IN FINAL EST.:  3.3
  
 TOTAL DATA POINTS NORMALLY DISTRIBUTED (N):           37
 N*LOG(2PI) CONSTANT TO OBJECTIVE FUNCTION:    68.001451457145777     
 OBJECTIVE FUNCTION VALUE WITHOUT CONSTANT:    231.89145111340204     
 OBJECTIVE FUNCTION VALUE WITH CONSTANT:       299.89290257054779     
 REPORTED OBJECTIVE FUNCTION DOES NOT CONTAIN CONSTANT
  
 TOTAL EFFECTIVE ETAS (NIND*NETA):                            37
  
 #TERE:
 Elapsed estimation  time in seconds:     0.15
 Elapsed covariance  time in seconds:     0.05
 Elapsed postprocess time in seconds:     0.00
1
 
 
 
 
 
 
 
 
 
 
 
 
 
 
 
 
 
 
 
 
 ************************************************************************************************************************
 ********************                                                                                ********************
 ********************                                   FIRST ORDER                                  ********************
 #OBJT:**************                       MINIMUM VALUE OF OBJECTIVE FUNCTION                      ********************
 ********************                                                                                ********************
 ************************************************************************************************************************
 





 #OBJV:********************************************      231.891       **************************************************
1
 ************************************************************************************************************************
 ********************                                                                                ********************
 ********************                                   FIRST ORDER                                  ********************
 ********************                             FINAL PARAMETER ESTIMATE                           ********************
 ********************                                                                                ********************
 ************************************************************************************************************************
 


 THETA - VECTOR OF FIXED EFFECTS PARAMETERS   *********


         TH 1      TH 2      TH 3      TH 4      TH 5      TH 6     
 
         1.50E+02  4.10E-02  9.79E+01  5.41E+01  2.39E-02  1.33E+02
 


 OMEGA - COV MATRIX FOR RANDOM EFFECTS - ETAS  ********


         ETA1     
 
 ETA1
+        1.70E-03
 
1


 OMEGA - CORR MATRIX FOR RANDOM EFFECTS - ETAS  *******


         ETA1     
 
 ETA1
+        4.12E-02
 
1
 ************************************************************************************************************************
 ********************                                                                                ********************
 ********************                                   FIRST ORDER                                  ********************
 ********************                            STANDARD ERROR OF ESTIMATE                          ********************
 ********************                                                                                ********************
 ************************************************************************************************************************
 


 THETA - VECTOR OF FIXED EFFECTS PARAMETERS   *********


         TH 1      TH 2      TH 3      TH 4      TH 5      TH 6     
 
         5.06E+01  2.99E-03  1.72E+02  5.56E+01  4.82E-03  2.94E+01
 


 OMEGA - COV MATRIX FOR RANDOM EFFECTS - ETAS  ********


         ETA1     
 
 ETA1
+        3.85E-04
 
1


 OMEGA - CORR MATRIX FOR RANDOM EFFECTS - ETAS  *******


         ETA1     
 
 ETA1
+        4.67E-03
 
1
 ************************************************************************************************************************
 ********************                                                                                ********************
 ********************                                   FIRST ORDER                                  ********************
 ********************                          COVARIANCE MATRIX OF ESTIMATE                         ********************
 ********************                                                                                ********************
 ************************************************************************************************************************
 

            TH 1      TH 2      TH 3      TH 4      TH 5      TH 6      OM11  
 
 TH 1
+        2.56E+03
 
 TH 2
+       -8.47E-02  8.93E-06
 
 TH 3
+       -8.68E+03  3.00E-01  2.94E+04
 
 TH 4
+       -2.81E+03  9.79E-02  9.55E+03  3.10E+03
 
 TH 5
+       -2.41E-01  8.73E-06  8.20E-01  2.66E-01  2.32E-05
 
 TH 6
+        9.40E+02 -8.60E-02 -3.31E+03 -1.08E+03 -9.75E-02  8.63E+02
 
 OM11
+       -1.04E-03  9.86E-09  3.46E-03  9.10E-04  1.74E-07 -7.65E-05  1.48E-07
 
1
 ************************************************************************************************************************
 ********************                                                                                ********************
 ********************                                   FIRST ORDER                                  ********************
 ********************                          CORRELATION MATRIX OF ESTIMATE                        ********************
 ********************                                                                                ********************
 ************************************************************************************************************************
 

            TH 1      TH 2      TH 3      TH 4      TH 5      TH 6      OM11  
 
 TH 1
+        5.06E+01
 
 TH 2
+       -5.60E-01  2.99E-03
 
 TH 3
+       -9.99E-01  5.85E-01  1.72E+02
 
 TH 4
+       -9.99E-01  5.89E-01  1.00E+00  5.56E+01
 
 TH 5
+       -9.87E-01  6.06E-01  9.91E-01  9.90E-01  4.82E-03
 
 TH 6
+        6.32E-01 -9.79E-01 -6.56E-01 -6.59E-01 -6.88E-01  2.94E+01
 
 OM11
+       -5.33E-02  8.57E-03  5.24E-02  4.25E-02  9.40E-02 -6.77E-03  3.85E-04
 
1
 ************************************************************************************************************************
 ********************                                                                                ********************
 ********************                                   FIRST ORDER                                  ********************
 ********************                      INVERSE COVARIANCE MATRIX OF ESTIMATE                     ********************
 ********************                                                                                ********************
 ************************************************************************************************************************
 

            TH 1      TH 2      TH 3      TH 4      TH 5      TH 6      OM11  
 
 TH 1
+        8.47E-01
 
 TH 2
+       -7.42E+02  5.85E+06
 
 TH 3
+        3.71E-01 -3.72E+02  2.35E-01
 
 TH 4
+       -2.29E-01  1.08E+02 -3.14E-01  7.18E-01
 
 TH 5
+       -1.56E+03  4.65E+06 -8.42E+02  4.88E+02  8.26E+06
 
 TH 6
+       -3.85E-02  6.23E+02 -2.58E-02  8.46E-03  4.81E+02  7.11E-02
 
 OM11
+        5.53E+02 -2.70E+06  2.77E+01  7.47E+02 -4.06E+06 -2.90E+02  1.02E+07
 
1
 
 
 
 
 
 
 
 
 
 
 
 
 
 
 
 
 
 
 
 
 ************************************************************************************************************************
 ********************                                                                                ********************
 ********************                                   FIRST ORDER                                  ********************
 ********************                      EIGENVALUES OF COR MATRIX OF ESTIMATE                     ********************
 ********************                                                                                ********************
 ************************************************************************************************************************
 

             1         2         3         4         5         6         7
 
         1.02E-04  6.32E-04  5.09E-03  2.31E-02  9.28E-01  1.03E+00  5.01E+00
 
1
 ************************************************************************************************************************
 ********************                                                                                ********************
 ********************                                   FIRST ORDER                                  ********************
 ********************                                     R MATRIX                                   ********************
 ********************                                                                                ********************
 ************************************************************************************************************************
 

            TH 1      TH 2      TH 3      TH 4      TH 5      TH 6      OM11  
 
 TH 1
+        2.34E-01
 
 TH 2
+       -4.37E+02  5.64E+06
 
 TH 3
+        2.22E-02 -3.67E+00  1.21E-02
 
 TH 4
+        1.51E-01 -5.41E+02 -1.56E-02  2.00E-01
 
 TH 5
+       -9.15E+01  2.12E+06 -2.17E+01 -1.58E+02  1.88E+06
 
 TH 6
+       -2.98E-02  5.59E+02  3.76E-04 -4.39E-02  2.25E+02  5.84E-02
 
 OM11
+       -1.43E+01 -2.91E+05 -3.99E+00  8.44E+00 -1.22E+05 -3.10E+01  6.41E+06
 
1
 ************************************************************************************************************************
 ********************                                                                                ********************
 ********************                                   FIRST ORDER                                  ********************
 ********************                                     S MATRIX                                   ********************
 ********************                                                                                ********************
 ************************************************************************************************************************
 

            TH 1      TH 2      TH 3      TH 4      TH 5      TH 6      OM11  
 
 TH 1
+        2.91E-01
 
 TH 2
+       -1.03E+03  8.35E+06
 
 TH 3
+        1.28E-02 -6.53E+00  1.97E-03
 
 TH 4
+        2.01E-01 -1.03E+03  2.97E-04  2.01E-01
 
 TH 5
+       -2.76E+02  2.75E+06 -4.04E+00 -2.75E+02  1.41E+06
 
 TH 6
+       -9.03E-02  7.79E+02 -6.10E-04 -9.09E-02  2.65E+02  7.46E-02
 
 OM11
+       -3.00E+02  1.47E+06 -8.82E-01 -3.30E+02  1.08E+06  1.44E+02  5.93E+06
 
 Elapsed finaloutput time in seconds:     0.01
 #CPUT: Total CPU Time in Seconds,        0.234
Stop Time: 
2017-10-06 
11:47
