NONLINEAR MIXED EFFECTS MODEL PROGRAM (NONMEM) VERSION 7.4.1
ORIGINALLY DEVELOPED BY STUART BEAL, LEWIS SHEINER, AND ALISON BOECKMANN
CURRENT DEVELOPERS ARE ROBERT BAUER, ICON DEVELOPMENT SOLUTIONS,
AND ALISON BOECKMANN. IMPLEMENTATION, EFFICIENCY, AND STANDARDIZATION
PERFORMED BY NOUS INFOSYSTEMS.

PROBLEM NO.:         1
GABRIELSSON PK22

DATA CHECKOUT RUN:              NO
DATA SET LOCATED ON UNIT NO.:    2
THIS UNIT TO BE REWOUND:        NO
NO. OF DATA RECS IN DATA SET:       39
NO. OF DATA ITEMS IN DATA SET:   9
ID DATA ITEM IS DATA ITEM NO.:   9
DEP VARIABLE IS DATA ITEM NO.:   6
MDV DATA ITEM IS DATA ITEM NO.:  7

INDICES PASSED TO SUBROUTINE PRED:
  8   1   2   3   0   5   0   0   0   0   4

LABELS FOR DATA ITEMS:
TIME AMT RATE ADDL II DV MDV EVID .ID.

FORMAT FOR DATA:
(7E7.0,2F2.0)

TOT. NO. OF OBS RECS:       37
TOT. NO. OF INDIVIDUALS:       37

LENGTH OF THETA:   6

DEFAULT THETA BOUNDARY TEST OMITTED:    NO

OMEGA HAS SIMPLE DIAGONAL FORM WITH DIMENSION:   1

DEFAULT OMEGA BOUNDARY TEST OMITTED:    NO

INITIAL ESTIMATE OF THETA:
LOWER BOUND    INITIAL EST    UPPER BOUND
 0.0000E+00     0.1550E+03     0.1000E+07
 0.0000E+00     0.5000E-01     0.1000E+07
 0.0000E+00     0.5000E+00     0.1000E+07
 0.0000E+00     0.1250E+01     0.1000E+07
 0.0000E+00     0.3000E-01     0.1000E+07
 0.0000E+00     0.1000E+03     0.1000E+07

INITIAL ESTIMATE OF OMEGA:
0.1000E+00

COVARIANCE STEP OMITTED:        NO
R MATRIX PRINTED:              YES
S MATRIX PRINTED:              YES
EIGENVLS. PRINTED:             YES
SPECIAL COMPUTATION:           YES
COMPRESSED FORMAT:              NO
GRADIENT METHOD USED:     NOSLOW
SIGDIGITS ETAHAT (SIGLO):                  -1
SIGDIGITS GRADIENTS (SIGL):                -1
EXCLUDE COV FOR FOCE (NOFCOV):              NO
TURN OFF Cholesky Transposition of R Matrix (CHOLROFF): NO
KNUTHSUMOFF:                                -1
RESUME COV ANALYSIS (RESUME):               NO
SIR SAMPLE SIZE (SIRSAMPLE):              -1
NON-LINEARLY TRANSFORM THETAS DURING COV (THBND): 1
PRECONDTIONING CYCLES (PRECOND):        0
PRECONDTIONING TYPES (PRECONDS):        TOS
FORCED PRECONDTIONING CYCLES (PFCOND):0
PRECONDTIONING TYPE (PRETYPE):        0
FORCED POS. DEFINITE SETTING: (FPOSDEF):0
DOUBLE PRECISION PREDPP VERSION 7.4.1

GENERAL NONLINEAR KINETICS MODEL WITH STIFF/NONSTIFF EQUATIONS (LSODA, ADVAN13)

MODEL SUBROUTINE USER-SUPPLIED - ID NO. 9999

MAXIMUM NO. OF BASIC PK PARAMETERS:   6

COMPARTMENT ATTRIBUTES
COMPT. NO.   FUNCTION   INITIAL    ON/OFF      DOSE      DEFAULT    DEFAULT
                        STATUS     ALLOWED    ALLOWED    FOR DOSE   FOR OBS.
   1         CENTRAL      ON         YES        YES        YES        YES
   2         PERIPH       ON         YES        YES        NO         NO
   3         ENZYME       ON         YES        YES        NO         NO
   4         OUTPUT       OFF        YES        NO         NO         NO
INITIAL (BASE) TOLERANCE SETTINGS:
NRD (RELATIVE) VALUE(S) OF TOLERANCE:   6
ANRD (ABSOLUTE) VALUE(S) OF TOLERANCE:  12

ADDITIONAL PK PARAMETERS - ASSIGNMENT OF ROWS IN GG
COMPT. NO.                             INDICES
             SCALE      BIOAVAIL.   ZERO-ORDER  ZERO-ORDER  ABSORB
                        FRACTION    RATE        DURATION    LAG
   1            7           *           *           *           *
   2            *           *           *           *           *
   3            *           *           *           *           *
   4            *           -           -           -           -
            - PARAMETER IS NOT ALLOWED FOR THIS MODEL
            * PARAMETER IS NOT SUPPLIED BY PK SUBROUTINE;
              WILL DEFAULT TO ONE IF APPLICABLE

ERROR IN LOG Y IS MODELED

DATA ITEM INDICES USED BY PRED ARE:
  EVENT ID DATA ITEM IS DATA ITEM NO.:      8
  TIME DATA ITEM IS DATA ITEM NO.:          1
  DOSE AMOUNT DATA ITEM IS DATA ITEM NO.:   2
  DOSE RATE DATA ITEM IS DATA ITEM NO.:     3
  INTERVAL DATA ITEM IS DATA ITEM NO.:      5
  ADDL. DOSES DATA ITEM IS DATA ITEM NO.:   4


PK SUBROUTINE CALLED WITH EVERY EVENT RECORD.
PK SUBROUTINE NOT CALLED AT NONEVENT (ADDITIONAL OR LAGGED) DOSE TIMES.

PK SUBROUTINE INDICATES THAT COMPARTMENT AMOUNTS ARE INITIALIZED.

DURING SIMULATION, ERROR SUBROUTINE CALLED WITH EVERY EVENT RECORD.
OTHERWISE, ERROR SUBROUTINE CALLED ONCE IN THIS PROBLEM.

DES SUBROUTINE USES COMPACT STORAGE MODE.



#TBLN:      1
#METH: First Order

ESTIMATION STEP OMITTED:                 NO
ANALYSIS TYPE:                           SINGLE-SUBJECT
NUMBER OF SADDLE POINT RESET ITERATIONS:      0
GRADIENT METHOD USED:               SLOW
EPS-ETA INTERACTION:                     NO
NO. OF FUNCT. EVALS. ALLOWED:            9999
NO. OF SIG. FIGURES REQUIRED:            3
INTERMEDIATE PRINTOUT:                   YES
ESTIMATE OUTPUT TO MSF:                  NO
IND. OBJ. FUNC. VALUES SORTED:           NO
NUMERICAL DERIVATIVE
      FILE REQUEST (NUMDER):               NONE
MAP (ETAHAT) ESTIMATION METHOD (OPTMAP):   0
ETA HESSIAN EVALUATION METHOD (ETADER):    0
INITIAL ETA FOR MAP ESTIMATION (MCETA):    0
SIGDIGITS FOR MAP ESTIMATION (SIGLO):      100
GRADIENT SIGDIGITS OF
      FIXED EFFECTS PARAMETERS (SIGL):     100
NOPRIOR SETTING (NOPRIOR):                 OFF
NOCOV SETTING (NOCOV):                     OFF
DERCONT SETTING (DERCONT):                 OFF
FINAL ETA RE-EVALUATION (FNLETA):          ON
EXCLUDE NON-INFLUENTIAL (NON-INFL.) ETAS
      IN SHRINKAGE (ETASTYPE):             NO
NON-INFL. ETA CORRECTION (NONINFETA):      OFF
RAW OUTPUT FILE (FILE): PK22b.ext
EXCLUDE TITLE (NOTITLE):                   NO
EXCLUDE COLUMN LABELS (NOLABEL):           NO
FORMAT FOR ADDITIONAL FILES (FORMAT):      S1PE12.5
PARAMETER ORDER FOR OUTPUTS (ORDER):       TSOL
WISHART PRIOR DF INTERPRETATION (WISHTYPE):0
KNUTHSUMOFF:                               0
INCLUDE LNTWOPI:                           NO
INCLUDE CONSTANT TERM TO PRIOR (PRIORC):   NO
INCLUDE CONSTANT TERM TO OMEGA (ETA) (OLNTWOPI):NO
ADDITIONAL CONVERGENCE TEST (CTYPE=4)?:    NO
EM OR BAYESIAN METHOD USED:                 NONE

TOLERANCES FOR ESTIMATION/EVALUATION STEP:
NRD (RELATIVE) VALUE(S) OF TOLERANCE:   6
ANRD (ABSOLUTE) VALUE(S) OF TOLERANCE:  12
TOLERANCES FOR COVARIANCE STEP:
NRD (RELATIVE) VALUE(S) OF TOLERANCE:   6
ANRD (ABSOLUTE) VALUE(S) OF TOLERANCE:  12

THE FOLLOWING LABELS ARE EQUIVALENT
PRED=NPRED
RES=NRES
WRES=NWRES
IWRS=NIWRES
IPRD=NIPRED
IRS=NIRES

MONITORING OF SEARCH:



ITERATION NO.:    0    OBJECTIVE VALUE:   343.833223012187        NO. OF FUNC. EVALS.:   8
CUMULATIVE NO. OF FUNC. EVALS.:        8
NPARAMETR:  1.5500E+02  5.0000E-02  5.0000E-01  1.2500E+00  3.0000E-02  1.0000E+02  1.0000E-01
PARAMETER:  1.0000E-01  1.0000E-01  1.0000E-01  1.0000E-01  1.0000E-01  1.0000E-01  1.0000E-01
GRADIENT:  -1.7577E+01  8.3052E+00 -3.6358E+00  2.5470E+00  3.6110E+00  1.9020E+00  6.5734E+01


ITERATION NO.:   29    OBJECTIVE VALUE:   231.891449443142        NO. OF FUNC. EVALS.: 301
CUMULATIVE NO. OF FUNC. EVALS.:      309
NPARAMETR:  1.5044E+02  4.0971E-02  6.5050E-01  1.8100E+00  2.3889E-02  1.3287E+02  1.6993E-03
PARAMETER:  7.0163E-02 -9.9158E-02  3.6314E-01  4.7019E-01 -1.2777E-01  3.8422E-01 -1.9375E+00
GRADIENT:  -1.2898E-02  3.5063E-02 -3.2925E-03 -5.4624E-03  2.8474E-02  9.9412E-03  1.3681E-04

#TERM:

MINIMIZATION SUCCESSFUL
NO. OF FUNCTION EVALUATIONS USED:      309
NO. OF SIG. DIGITS IN FINAL EST.:  3.7

TOTAL DATA POINTS NORMALLY DISTRIBUTED (N):           37
N*LOG(2PI) CONSTANT TO OBJECTIVE FUNCTION:    68.001451457145777
OBJECTIVE FUNCTION VALUE WITHOUT CONSTANT:    231.89144944314177
OBJECTIVE FUNCTION VALUE WITH CONSTANT:       299.89290090028754
REPORTED OBJECTIVE FUNCTION DOES NOT CONTAIN CONSTANT

TOTAL EFFECTIVE ETAS (NIND*NETA):                            37

#TERE:
Elapsed estimation  time in seconds:     0.25
Elapsed covariance  time in seconds:     0.07
Elapsed postprocess time in seconds:     0.00





















************************************************************************************************************************
********************                                                                                ********************
********************                                   FIRST ORDER                                  ********************
#OBJT:**************                       MINIMUM VALUE OF OBJECTIVE FUNCTION                      ********************
********************                                                                                ********************
************************************************************************************************************************






#OBJV:********************************************      231.891       **************************************************

************************************************************************************************************************
********************                                                                                ********************
********************                                   FIRST ORDER                                  ********************
********************                             FINAL PARAMETER ESTIMATE                           ********************
********************                                                                                ********************
************************************************************************************************************************



THETA - VECTOR OF FIXED EFFECTS PARAMETERS   *********


        TH 1      TH 2      TH 3      TH 4      TH 5      TH 6

        1.50E+02  4.10E-02  6.51E-01  1.81E+00  2.39E-02  1.33E+02



OMEGA - COV MATRIX FOR RANDOM EFFECTS - ETAS  ********


        ETA1

ETA1    1.70E-03




OMEGA - CORR MATRIX FOR RANDOM EFFECTS - ETAS  *******


        ETA1

ETA1    4.12E-02


************************************************************************************************************************
********************                                                                                ********************
********************                                   FIRST ORDER                                  ********************
********************                            STANDARD ERROR OF ESTIMATE                          ********************
********************                                                                                ********************
************************************************************************************************************************



THETA - VECTOR OF FIXED EFFECTS PARAMETERS   *********


        TH 1      TH 2      TH 3      TH 4      TH 5      TH 6

        4.64E+00  1.76E-03  8.48E-02  2.20E-01  1.64E-03  1.62E+01



OMEGA - COV MATRIX FOR RANDOM EFFECTS - ETAS  ********


        ETA1

ETA1    3.85E-04




OMEGA - CORR MATRIX FOR RANDOM EFFECTS - ETAS  *******


        ETA1

ETA1    4.67E-03


************************************************************************************************************************
********************                                                                                ********************
********************                                   FIRST ORDER                                  ********************
********************                          COVARIANCE MATRIX OF ESTIMATE                         ********************
********************                                                                                ********************
************************************************************************************************************************


           TH 1      TH 2      TH 3      TH 4      TH 5      TH 6      OM11

TH 1    2.15E+01

TH 2   -9.34E-04  3.11E-06

TH 3   -3.17E-01 -1.92E-05  7.19E-03

TH 4    1.33E-01 -2.30E-04  7.58E-03  4.84E-02

TH 5   -1.05E-03  4.28E-07  7.80E-06 -7.15E-05  2.69E-06

TH 6    5.56E+00 -2.52E-02  1.48E-01  1.84E+00 -1.37E-02  2.62E+02

OM11    5.37E-05 -7.57E-08 -8.22E-07  1.31E-05  1.99E-07  2.11E-04  1.48E-07


************************************************************************************************************************
********************                                                                                ********************
********************                                   FIRST ORDER                                  ********************
********************                          CORRELATION MATRIX OF ESTIMATE                        ********************
********************                                                                                ********************
************************************************************************************************************************


           TH 1      TH 2      TH 3      TH 4      TH 5      TH 6      OM11

TH 1    4.64E+00

TH 2   -1.14E-01  1.76E-03

TH 3   -8.06E-01 -1.28E-01  8.48E-02

TH 4    1.30E-01 -5.92E-01  4.06E-01  2.20E-01

TH 5   -1.38E-01  1.48E-01  5.61E-02 -1.98E-01  1.64E-03

TH 6    7.41E-02 -8.83E-01  1.08E-01  5.15E-01 -5.15E-01  1.62E+01

OM11    3.01E-02 -1.12E-01 -2.52E-02  1.55E-01  3.15E-01  3.39E-02  3.85E-04


************************************************************************************************************************
********************                                                                                ********************
********************                                   FIRST ORDER                                  ********************
********************                      INVERSE COVARIANCE MATRIX OF ESTIMATE                     ********************
********************                                                                                ********************
************************************************************************************************************************


           TH 1      TH 2      TH 3      TH 4      TH 5      TH 6      OM11

TH 1    6.00E-01

TH 2    1.45E+01  5.10E+06

TH 3    3.47E+01 -9.31E+03  2.20E+03

TH 4   -8.16E+00  8.36E+03 -5.22E+02  1.60E+02

TH 5   -5.75E+00  2.52E+06 -6.95E+03  4.48E+03  1.86E+06

TH 6    2.54E-02  5.70E+02  3.81E-01  3.94E-01  3.14E+02  7.17E-02

OM11    6.77E+02 -2.39E+06  4.99E+04 -1.65E+04 -2.09E+06 -2.74E+02  1.02E+07






















************************************************************************************************************************
********************                                                                                ********************
********************                                   FIRST ORDER                                  ********************
********************                      EIGENVALUES OF COR MATRIX OF ESTIMATE                     ********************
********************                                                                                ********************
************************************************************************************************************************


            1         2         3         4         5         6         7

        2.59E-02  2.93E-02  5.87E-01  6.16E-01  1.31E+00  1.85E+00  2.58E+00


************************************************************************************************************************
********************                                                                                ********************
********************                                   FIRST ORDER                                  ********************
********************                                     R MATRIX                                   ********************
********************                                                                                ********************
************************************************************************************************************************


           TH 1      TH 2      TH 3      TH 4      TH 5      TH 6      OM11

TH 1    3.89E-01

TH 2   -6.09E+02  5.64E+06

TH 3    1.99E+01 -4.31E+04  1.17E+03

TH 4   -6.15E+00  1.65E+04 -3.81E+02  1.36E+02

TH 5   -1.43E+02  2.12E+06 -1.19E+04  4.72E+03  1.29E+06

TH 6   -4.43E-02  5.55E+02 -3.33E+00  1.30E+00  2.25E+02  5.87E-02

OM11   -1.38E+01 -2.91E+05  9.39E+01 -2.52E+02 -1.22E+05 -3.09E+01  6.41E+06


************************************************************************************************************************
********************                                                                                ********************
********************                                   FIRST ORDER                                  ********************
********************                                     S MATRIX                                   ********************
********************                                                                                ********************
************************************************************************************************************************


           TH 1      TH 2      TH 3      TH 4      TH 5      TH 6      OM11

TH 1    4.79E-01

TH 2   -1.41E+03  8.35E+06

TH 3    2.49E+01 -8.69E+04  1.44E+03

TH 4   -8.18E+00  3.09E+04 -5.00E+02  1.79E+02

TH 5   -3.77E+02  2.75E+06 -2.35E+04  8.22E+03  1.41E+06

TH 6   -1.23E-01  7.79E+02 -7.64E+00  2.71E+00  2.65E+02  7.46E-02

OM11   -4.20E+02  1.48E+06 -2.76E+04  9.86E+03  1.08E+06  1.44E+02  5.94E+06

Elapsed finaloutput time in seconds:     0.02
#CPUT: Total CPU Time in Seconds,        0.344
